
  .   ____          _            __ _ _
 /\\ / ___'_ __ _ _(_)_ __  __ _ \ \ \ \
( ( )\___ | '_ | '_| | '_ \/ _` | \ \ \ \
 \\/  ___)| |_)| | | | | || (_| |  ) ) ) )
  '  |____| .__|_| |_|_| |_\__, | / / / /
 =========|_|==============|___/=/_/_/_/
 :: Spring Boot ::                (v3.1.6)

2025-09-25T13:49:34.662-03:00  INFO 11528 --- [           main] c.g.GestaoProjetosApplication            : Starting GestaoProjetosApplication v0.0.1-SNAPSHOT using Java 21.0.8 with PID 11528 (C:\Users\Gabriel\OneDrive\Área de Trabalho\FACULDADE GABRIEL\Segundo semestre\PROGRAMAÇÃO DE SOLUÇÕES COMPUTACIONAIS\ProjetoA3\GestaoDeProjetos-main\gestao-projetos\target\gestao-projetos-0.0.1-SNAPSHOT.jar started by Gabriel in c:\Users\Gabriel\OneDrive\Área de Trabalho\FACULDADE GABRIEL\Segundo semestre\PROGRAMAÇÃO DE SOLUÇÕES COMPUTACIONAIS\ProjetoA3\GestaoDeProjetos-main\gestao-projetos)
2025-09-25T13:49:34.677-03:00  INFO 11528 --- [           main] c.g.GestaoProjetosApplication            : The following 1 profile is active: "dev"
2025-09-25T13:49:36.083-03:00  INFO 11528 --- [           main] .s.d.r.c.RepositoryConfigurationDelegate : Bootstrapping Spring Data JPA repositories in DEFAULT mode.
2025-09-25T13:49:36.193-03:00  INFO 11528 --- [           main] .s.d.r.c.RepositoryConfigurationDelegate : Finished Spring Data repository scanning in 89 ms. Found 3 JPA repository interfaces.
2025-09-25T13:49:37.129-03:00  INFO 11528 --- [           main] o.s.b.w.embedded.tomcat.TomcatWebServer  : Tomcat initialized with port(s): 8080 (http)
2025-09-25T13:49:37.146-03:00  INFO 11528 --- [           main] o.apache.catalina.core.StandardService   : Starting service [Tomcat]
2025-09-25T13:49:37.146-03:00  INFO 11528 --- [           main] o.apache.catalina.core.StandardEngine    : Starting Servlet engine: [Apache Tomcat/10.1.16]
2025-09-25T13:49:37.252-03:00  INFO 11528 --- [           main] o.a.c.c.C.[Tomcat].[localhost].[/]       : Initializing Spring embedded WebApplicationContext
2025-09-25T13:49:37.252-03:00  INFO 11528 --- [           main] w.s.c.ServletWebServerApplicationContext : Root WebApplicationContext: initialization completed in 2473 ms
2025-09-25T13:49:37.296-03:00  INFO 11528 --- [           main] com.zaxxer.hikari.HikariDataSource       : HikariPool-1 - Starting...
2025-09-25T13:49:37.598-03:00  INFO 11528 --- [           main] com.zaxxer.hikari.pool.HikariPool        : HikariPool-1 - Added connection conn0: url=jdbc:h2:mem:0e9b86df-04d6-4cff-ad20-bbf3bf716331 user=SA
2025-09-25T13:49:37.606-03:00  INFO 11528 --- [           main] com.zaxxer.hikari.HikariDataSource       : HikariPool-1 - Start completed.
2025-09-25T13:49:37.623-03:00  INFO 11528 --- [           main] o.s.b.a.h2.H2ConsoleAutoConfiguration    : H2 console available at '/h2-console'. Database available at 'jdbc:h2:mem:0e9b86df-04d6-4cff-ad20-bbf3bf716331'
2025-09-25T13:49:37.817-03:00  INFO 11528 --- [           main] o.hibernate.jpa.internal.util.LogHelper  : HHH000204: Processing PersistenceUnitInfo [name: default]
2025-09-25T13:49:37.907-03:00  INFO 11528 --- [           main] org.hibernate.Version                    : HHH000412: Hibernate ORM core version 6.2.13.Final
2025-09-25T13:49:37.911-03:00  INFO 11528 --- [           main] org.hibernate.cfg.Environment            : HHH000406: Using bytecode reflection optimizer
2025-09-25T13:49:38.334-03:00  INFO 11528 --- [           main] o.s.o.j.p.SpringPersistenceUnitInfo      : No LoadTimeWeaver setup: ignoring JPA class transformer
2025-09-25T13:49:38.426-03:00  WARN 11528 --- [           main] org.hibernate.orm.deprecation            : HHH90000025: H2Dialect does not need to be specified explicitly using 'hibernate.dialect' (remove the property setting and it will be selected by default)
2025-09-25T13:49:39.918-03:00  INFO 11528 --- [           main] o.h.e.t.j.p.i.JtaPlatformInitiator       : HHH000489: No JTA platform available (set 'hibernate.transaction.jta.platform' to enable JTA platform integration)
2025-09-25T13:49:39.988-03:00  INFO 11528 --- [           main] j.LocalContainerEntityManagerFactoryBean : Initialized JPA EntityManagerFactory for persistence unit 'default'
2025-09-25T13:49:40.422-03:00  WARN 11528 --- [           main] JpaBaseConfiguration$JpaWebConfiguration : spring.jpa.open-in-view is enabled by default. Therefore, database queries may be performed during view rendering. Explicitly configure spring.jpa.open-in-view to disable this warning
2025-09-25T13:49:40.744-03:00  INFO 11528 --- [           main] o.s.s.web.DefaultSecurityFilterChain     : Will secure any request with [org.springframework.security.web.session.DisableEncodeUrlFilter@3b48e183, org.springframework.security.web.context.request.async.WebAsyncManagerIntegrationFilter@514de325, org.springframework.security.web.context.SecurityContextHolderFilter@7d78f3d5, org.springframework.security.web.header.HeaderWriterFilter@6f231ced, org.springframework.security.web.csrf.CsrfFilter@5a75ec37, org.springframework.security.web.authentication.logout.LogoutFilter@3c3820bb, org.springframework.security.web.savedrequest.RequestCacheAwareFilter@f5b6e78, org.springframework.security.web.servletapi.SecurityContextHolderAwareRequestFilter@71926a36, org.springframework.security.web.authentication.AnonymousAuthenticationFilter@30c1da48, org.springframework.security.web.access.ExceptionTranslationFilter@5981f4a6, org.springframework.security.web.access.intercept.AuthorizationFilter@187e5235]
2025-09-25T13:49:41.473-03:00  INFO 11528 --- [           main] o.s.b.w.embedded.tomcat.TomcatWebServer  : Tomcat started on port(s): 8080 (http) with context path ''
2025-09-25T13:49:41.497-03:00  INFO 11528 --- [           main] c.g.GestaoProjetosApplication            : Started GestaoProjetosApplication in 7.447 seconds (process running for 8.614)
2025-09-25T13:51:38.327-03:00  INFO 11528 --- [nio-8080-exec-1] o.a.c.c.C.[Tomcat].[localhost].[/]       : Initializing Spring DispatcherServlet 'dispatcherServlet'
2025-09-25T13:51:38.327-03:00  INFO 11528 --- [nio-8080-exec-1] o.s.web.servlet.DispatcherServlet        : Initializing Servlet 'dispatcherServlet'
2025-09-25T13:51:38.330-03:00  INFO 11528 --- [nio-8080-exec-1] o.s.web.servlet.DispatcherServlet        : Completed initialization in 3 ms
